2021-09-29 20:47:06,961  INFO [main] TestBase:34 - Trying to read Properties file!!!
2021-09-29 20:47:06,966  INFO [main] TestBase:37 - Properties file reading Success!!!
2021-09-29 20:47:07,734  INFO [main] TestBase:47 - Trying to read browser property
2021-09-29 20:47:12,376  INFO [main] TestBase:52 - Chrome Browser launched successfully
2021-09-29 20:47:16,249  INFO [main] TestBase:70 - Application launched successfuly!!!
2021-09-29 20:47:16,252  INFO [main] TestBase:34 - Trying to read Properties file!!!
2021-09-29 20:47:16,253  INFO [main] TestBase:37 - Properties file reading Success!!!
2021-09-29 20:47:16,568  INFO [main] TestBase:98 - Chrome Browser closed successfully
2021-09-29 20:47:16,651 DEBUG [main] cache:45 - Couldn't find template in cache for "spark/spark.spa.ftl"("en_GB", UTF-8, parsed); will try to load it.
2021-09-29 20:47:16,653 DEBUG [main] cache:45 - TemplateLoader.findTemplateSource("spark/spark.spa_en_GB.ftl"): Not found
2021-09-29 20:47:16,657 DEBUG [main] cache:45 - TemplateLoader.findTemplateSource("spark/spark.spa_en.ftl"): Not found
2021-09-29 20:47:16,659 DEBUG [main] cache:45 - TemplateLoader.findTemplateSource("spark/spark.spa.ftl"): Found
2021-09-29 20:47:16,660 DEBUG [main] cache:45 - Loading template for "spark/spark.spa.ftl"("en_GB", UTF-8, parsed) from "jar:file:/Users/edcast/.m2/repository/com/aventstack/extentreports/5.0.9/extentreports-5.0.9.jar!/com/aventstack/extentreports/templates/spark/spark.spa.ftl"
2021-09-29 20:47:16,897 DEBUG [main] cache:45 - Couldn't find template in cache for "commons/commons-variables.ftl"("en_GB", UTF-8, parsed); will try to load it.
2021-09-29 20:47:16,899 DEBUG [main] cache:45 - TemplateLoader.findTemplateSource("commons/commons-variables_en_GB.ftl"): Not found
2021-09-29 20:47:16,901 DEBUG [main] cache:45 - TemplateLoader.findTemplateSource("commons/commons-variables_en.ftl"): Not found
2021-09-29 20:47:16,903 DEBUG [main] cache:45 - TemplateLoader.findTemplateSource("commons/commons-variables.ftl"): Found
2021-09-29 20:47:16,904 DEBUG [main] cache:45 - Loading template for "commons/commons-variables.ftl"("en_GB", UTF-8, parsed) from "jar:file:/Users/edcast/.m2/repository/com/aventstack/extentreports/5.0.9/extentreports-5.0.9.jar!/com/aventstack/extentreports/templates/commons/commons-variables.ftl"
2021-09-29 20:47:17,226 DEBUG [main] cache:45 - Couldn't find template in cache for "commons/commons-macros.ftl"("en_GB", UTF-8, parsed); will try to load it.
2021-09-29 20:47:17,228 DEBUG [main] cache:45 - TemplateLoader.findTemplateSource("commons/commons-macros_en_GB.ftl"): Not found
2021-09-29 20:47:17,229 DEBUG [main] cache:45 - TemplateLoader.findTemplateSource("commons/commons-macros_en.ftl"): Not found
2021-09-29 20:47:17,232 DEBUG [main] cache:45 - TemplateLoader.findTemplateSource("commons/commons-macros.ftl"): Found
2021-09-29 20:47:17,234 DEBUG [main] cache:45 - Loading template for "commons/commons-macros.ftl"("en_GB", UTF-8, parsed) from "jar:file:/Users/edcast/.m2/repository/com/aventstack/extentreports/5.0.9/extentreports-5.0.9.jar!/com/aventstack/extentreports/templates/commons/commons-macros.ftl"
2021-09-29 20:47:17,261 DEBUG [main] cache:45 - Couldn't find template in cache for "spark/macros/attributes.ftl"("en_GB", UTF-8, parsed); will try to load it.
2021-09-29 20:47:17,262 DEBUG [main] cache:45 - TemplateLoader.findTemplateSource("spark/macros/attributes_en_GB.ftl"): Not found
2021-09-29 20:47:17,263 DEBUG [main] cache:45 - TemplateLoader.findTemplateSource("spark/macros/attributes_en.ftl"): Not found
2021-09-29 20:47:17,271 DEBUG [main] cache:45 - TemplateLoader.findTemplateSource("spark/macros/attributes.ftl"): Found
2021-09-29 20:47:17,273 DEBUG [main] cache:45 - Loading template for "spark/macros/attributes.ftl"("en_GB", UTF-8, parsed) from "jar:file:/Users/edcast/.m2/repository/com/aventstack/extentreports/5.0.9/extentreports-5.0.9.jar!/com/aventstack/extentreports/templates/spark/macros/attributes.ftl"
2021-09-29 20:47:17,276 DEBUG [main] cache:45 - Couldn't find template in cache for "spark/macros/log.ftl"("en_GB", UTF-8, parsed); will try to load it.
2021-09-29 20:47:17,277 DEBUG [main] cache:45 - TemplateLoader.findTemplateSource("spark/macros/log_en_GB.ftl"): Not found
2021-09-29 20:47:17,278 DEBUG [main] cache:45 - TemplateLoader.findTemplateSource("spark/macros/log_en.ftl"): Not found
2021-09-29 20:47:17,279 DEBUG [main] cache:45 - TemplateLoader.findTemplateSource("spark/macros/log.ftl"): Found
2021-09-29 20:47:17,293 DEBUG [main] cache:45 - Loading template for "spark/macros/log.ftl"("en_GB", UTF-8, parsed) from "jar:file:/Users/edcast/.m2/repository/com/aventstack/extentreports/5.0.9/extentreports-5.0.9.jar!/com/aventstack/extentreports/templates/spark/macros/log.ftl"
2021-09-29 20:47:17,297 DEBUG [main] cache:45 - Couldn't find template in cache for "spark/macros/recurse_nodes.ftl"("en_GB", UTF-8, parsed); will try to load it.
2021-09-29 20:47:17,298 DEBUG [main] cache:45 - TemplateLoader.findTemplateSource("spark/macros/recurse_nodes_en_GB.ftl"): Not found
2021-09-29 20:47:17,300 DEBUG [main] cache:45 - TemplateLoader.findTemplateSource("spark/macros/recurse_nodes_en.ftl"): Not found
2021-09-29 20:47:17,303 DEBUG [main] cache:45 - TemplateLoader.findTemplateSource("spark/macros/recurse_nodes.ftl"): Found
2021-09-29 20:47:17,304 DEBUG [main] cache:45 - Loading template for "spark/macros/recurse_nodes.ftl"("en_GB", UTF-8, parsed) from "jar:file:/Users/edcast/.m2/repository/com/aventstack/extentreports/5.0.9/extentreports-5.0.9.jar!/com/aventstack/extentreports/templates/spark/macros/recurse_nodes.ftl"
2021-09-29 20:47:17,316 DEBUG [main] cache:45 - "spark/macros/log.ftl"("en_GB", UTF-8, parsed) cached copy not yet stale; using cached.
2021-09-29 20:47:17,319 DEBUG [main] cache:45 - Couldn't find template in cache for "spark/macros/attr-common.ftl"("en_GB", UTF-8, parsed); will try to load it.
2021-09-29 20:47:17,321 DEBUG [main] cache:45 - TemplateLoader.findTemplateSource("spark/macros/attr-common_en_GB.ftl"): Not found
2021-09-29 20:47:17,323 DEBUG [main] cache:45 - TemplateLoader.findTemplateSource("spark/macros/attr-common_en.ftl"): Not found
2021-09-29 20:47:17,325 DEBUG [main] cache:45 - TemplateLoader.findTemplateSource("spark/macros/attr-common.ftl"): Found
2021-09-29 20:47:17,326 DEBUG [main] cache:45 - Loading template for "spark/macros/attr-common.ftl"("en_GB", UTF-8, parsed) from "jar:file:/Users/edcast/.m2/repository/com/aventstack/extentreports/5.0.9/extentreports-5.0.9.jar!/com/aventstack/extentreports/templates/spark/macros/attr-common.ftl"
2021-09-29 20:47:17,353 DEBUG [main] cache:45 - Couldn't find template in cache for "spark/partials/head.ftl"("en_GB", UTF-8, parsed); will try to load it.
2021-09-29 20:47:17,502 DEBUG [main] cache:45 - TemplateLoader.findTemplateSource("spark/partials/head_en_GB.ftl"): Not found
2021-09-29 20:47:17,506 DEBUG [main] cache:45 - TemplateLoader.findTemplateSource("spark/partials/head_en.ftl"): Not found
2021-09-29 20:47:17,507 DEBUG [main] cache:45 - TemplateLoader.findTemplateSource("spark/partials/head.ftl"): Found
2021-09-29 20:47:17,562 DEBUG [main] cache:45 - Loading template for "spark/partials/head.ftl"("en_GB", UTF-8, parsed) from "jar:file:/Users/edcast/.m2/repository/com/aventstack/extentreports/5.0.9/extentreports-5.0.9.jar!/com/aventstack/extentreports/templates/spark/partials/head.ftl"
2021-09-29 20:47:17,575 DEBUG [main] cache:45 - Couldn't find template in cache for "commons/commons-inject-css.ftl"("en_GB", UTF-8, parsed); will try to load it.
2021-09-29 20:47:17,577 DEBUG [main] cache:45 - TemplateLoader.findTemplateSource("commons/commons-inject-css_en_GB.ftl"): Not found
2021-09-29 20:47:17,578 DEBUG [main] cache:45 - TemplateLoader.findTemplateSource("commons/commons-inject-css_en.ftl"): Not found
2021-09-29 20:47:17,584 DEBUG [main] cache:45 - TemplateLoader.findTemplateSource("commons/commons-inject-css.ftl"): Found
2021-09-29 20:47:17,585 DEBUG [main] cache:45 - Loading template for "commons/commons-inject-css.ftl"("en_GB", UTF-8, parsed) from "jar:file:/Users/edcast/.m2/repository/com/aventstack/extentreports/5.0.9/extentreports-5.0.9.jar!/com/aventstack/extentreports/templates/commons/commons-inject-css.ftl"
2021-09-29 20:47:17,587 DEBUG [main] cache:45 - Couldn't find template in cache for "spark/partials/navbar.ftl"("en_GB", UTF-8, parsed); will try to load it.
2021-09-29 20:47:17,591 DEBUG [main] cache:45 - TemplateLoader.findTemplateSource("spark/partials/navbar_en_GB.ftl"): Not found
2021-09-29 20:47:17,593 DEBUG [main] cache:45 - TemplateLoader.findTemplateSource("spark/partials/navbar_en.ftl"): Not found
2021-09-29 20:47:17,594 DEBUG [main] cache:45 - TemplateLoader.findTemplateSource("spark/partials/navbar.ftl"): Found
2021-09-29 20:47:17,596 DEBUG [main] cache:45 - Loading template for "spark/partials/navbar.ftl"("en_GB", UTF-8, parsed) from "jar:file:/Users/edcast/.m2/repository/com/aventstack/extentreports/5.0.9/extentreports-5.0.9.jar!/com/aventstack/extentreports/templates/spark/partials/navbar.ftl"
2021-09-29 20:47:17,661 DEBUG [main] cache:45 - Couldn't find template in cache for "spark/partials/sidenav.ftl"("en_GB", UTF-8, parsed); will try to load it.
2021-09-29 20:47:17,673 DEBUG [main] cache:45 - TemplateLoader.findTemplateSource("spark/partials/sidenav_en_GB.ftl"): Not found
2021-09-29 20:47:17,695 DEBUG [main] cache:45 - TemplateLoader.findTemplateSource("spark/partials/sidenav_en.ftl"): Not found
2021-09-29 20:47:17,702 DEBUG [main] cache:45 - TemplateLoader.findTemplateSource("spark/partials/sidenav.ftl"): Found
2021-09-29 20:47:17,703 DEBUG [main] cache:45 - Loading template for "spark/partials/sidenav.ftl"("en_GB", UTF-8, parsed) from "jar:file:/Users/edcast/.m2/repository/com/aventstack/extentreports/5.0.9/extentreports-5.0.9.jar!/com/aventstack/extentreports/templates/spark/partials/sidenav.ftl"
2021-09-29 20:47:17,771 DEBUG [main] cache:45 - Couldn't find template in cache for "spark/partials/test.ftl"("en_GB", UTF-8, parsed); will try to load it.
2021-09-29 20:47:17,773 DEBUG [main] cache:45 - TemplateLoader.findTemplateSource("spark/partials/test_en_GB.ftl"): Not found
2021-09-29 20:47:17,773 DEBUG [main] cache:45 - TemplateLoader.findTemplateSource("spark/partials/test_en.ftl"): Not found
2021-09-29 20:47:17,774 DEBUG [main] cache:45 - TemplateLoader.findTemplateSource("spark/partials/test.ftl"): Found
2021-09-29 20:47:17,775 DEBUG [main] cache:45 - Loading template for "spark/partials/test.ftl"("en_GB", UTF-8, parsed) from "jar:file:/Users/edcast/.m2/repository/com/aventstack/extentreports/5.0.9/extentreports-5.0.9.jar!/com/aventstack/extentreports/templates/spark/partials/test.ftl"
2021-09-29 20:47:17,824 DEBUG [main] cache:45 - Couldn't find template in cache for "spark/partials/exception.ftl"("en_GB", UTF-8, parsed); will try to load it.
2021-09-29 20:47:17,835 DEBUG [main] cache:45 - TemplateLoader.findTemplateSource("spark/partials/exception_en_GB.ftl"): Not found
2021-09-29 20:47:17,836 DEBUG [main] cache:45 - TemplateLoader.findTemplateSource("spark/partials/exception_en.ftl"): Not found
2021-09-29 20:47:17,837 DEBUG [main] cache:45 - TemplateLoader.findTemplateSource("spark/partials/exception.ftl"): Found
2021-09-29 20:47:17,838 DEBUG [main] cache:45 - Loading template for "spark/partials/exception.ftl"("en_GB", UTF-8, parsed) from "jar:file:/Users/edcast/.m2/repository/com/aventstack/extentreports/5.0.9/extentreports-5.0.9.jar!/com/aventstack/extentreports/templates/spark/partials/exception.ftl"
2021-09-29 20:47:17,855 DEBUG [main] cache:45 - Couldn't find template in cache for "spark/partials/category.ftl"("en_GB", UTF-8, parsed); will try to load it.
2021-09-29 20:47:17,856 DEBUG [main] cache:45 - TemplateLoader.findTemplateSource("spark/partials/category_en_GB.ftl"): Not found
2021-09-29 20:47:17,859 DEBUG [main] cache:45 - TemplateLoader.findTemplateSource("spark/partials/category_en.ftl"): Not found
2021-09-29 20:47:17,860 DEBUG [main] cache:45 - TemplateLoader.findTemplateSource("spark/partials/category.ftl"): Found
2021-09-29 20:47:17,861 DEBUG [main] cache:45 - Loading template for "spark/partials/category.ftl"("en_GB", UTF-8, parsed) from "jar:file:/Users/edcast/.m2/repository/com/aventstack/extentreports/5.0.9/extentreports-5.0.9.jar!/com/aventstack/extentreports/templates/spark/partials/category.ftl"
2021-09-29 20:47:17,865 DEBUG [main] cache:45 - Couldn't find template in cache for "spark/partials/device.ftl"("en_GB", UTF-8, parsed); will try to load it.
2021-09-29 20:47:17,866 DEBUG [main] cache:45 - TemplateLoader.findTemplateSource("spark/partials/device_en_GB.ftl"): Not found
2021-09-29 20:47:17,868 DEBUG [main] cache:45 - TemplateLoader.findTemplateSource("spark/partials/device_en.ftl"): Not found
2021-09-29 20:47:17,875 DEBUG [main] cache:45 - TemplateLoader.findTemplateSource("spark/partials/device.ftl"): Found
2021-09-29 20:47:17,876 DEBUG [main] cache:45 - Loading template for "spark/partials/device.ftl"("en_GB", UTF-8, parsed) from "jar:file:/Users/edcast/.m2/repository/com/aventstack/extentreports/5.0.9/extentreports-5.0.9.jar!/com/aventstack/extentreports/templates/spark/partials/device.ftl"
2021-09-29 20:47:17,892 DEBUG [main] cache:45 - Couldn't find template in cache for "spark/partials/author.ftl"("en_GB", UTF-8, parsed); will try to load it.
2021-09-29 20:47:17,893 DEBUG [main] cache:45 - TemplateLoader.findTemplateSource("spark/partials/author_en_GB.ftl"): Not found
2021-09-29 20:47:17,895 DEBUG [main] cache:45 - TemplateLoader.findTemplateSource("spark/partials/author_en.ftl"): Not found
2021-09-29 20:47:17,896 DEBUG [main] cache:45 - TemplateLoader.findTemplateSource("spark/partials/author.ftl"): Found
2021-09-29 20:47:17,897 DEBUG [main] cache:45 - Loading template for "spark/partials/author.ftl"("en_GB", UTF-8, parsed) from "jar:file:/Users/edcast/.m2/repository/com/aventstack/extentreports/5.0.9/extentreports-5.0.9.jar!/com/aventstack/extentreports/templates/spark/partials/author.ftl"
2021-09-29 20:47:17,902 DEBUG [main] cache:45 - Couldn't find template in cache for "spark/partials/log.ftl"("en_GB", UTF-8, parsed); will try to load it.
2021-09-29 20:47:17,903 DEBUG [main] cache:45 - TemplateLoader.findTemplateSource("spark/partials/log_en_GB.ftl"): Not found
2021-09-29 20:47:17,904 DEBUG [main] cache:45 - TemplateLoader.findTemplateSource("spark/partials/log_en.ftl"): Not found
2021-09-29 20:47:17,905 DEBUG [main] cache:45 - TemplateLoader.findTemplateSource("spark/partials/log.ftl"): Found
2021-09-29 20:47:17,905 DEBUG [main] cache:45 - Loading template for "spark/partials/log.ftl"("en_GB", UTF-8, parsed) from "jar:file:/Users/edcast/.m2/repository/com/aventstack/extentreports/5.0.9/extentreports-5.0.9.jar!/com/aventstack/extentreports/templates/spark/partials/log.ftl"
2021-09-29 20:47:17,908 DEBUG [main] cache:45 - Couldn't find template in cache for "spark/partials/dashboard.ftl"("en_GB", UTF-8, parsed); will try to load it.
2021-09-29 20:47:17,910 DEBUG [main] cache:45 - TemplateLoader.findTemplateSource("spark/partials/dashboard_en_GB.ftl"): Not found
2021-09-29 20:47:17,911 DEBUG [main] cache:45 - TemplateLoader.findTemplateSource("spark/partials/dashboard_en.ftl"): Not found
2021-09-29 20:47:17,912 DEBUG [main] cache:45 - TemplateLoader.findTemplateSource("spark/partials/dashboard.ftl"): Found
2021-09-29 20:47:17,913 DEBUG [main] cache:45 - Loading template for "spark/partials/dashboard.ftl"("en_GB", UTF-8, parsed) from "jar:file:/Users/edcast/.m2/repository/com/aventstack/extentreports/5.0.9/extentreports-5.0.9.jar!/com/aventstack/extentreports/templates/spark/partials/dashboard.ftl"
2021-09-29 20:47:18,056 DEBUG [main] cache:45 - Couldn't find template in cache for "spark/partials/scripts.ftl"("en_GB", UTF-8, parsed); will try to load it.
2021-09-29 20:47:18,058 DEBUG [main] cache:45 - TemplateLoader.findTemplateSource("spark/partials/scripts_en_GB.ftl"): Not found
2021-09-29 20:47:18,059 DEBUG [main] cache:45 - TemplateLoader.findTemplateSource("spark/partials/scripts_en.ftl"): Not found
2021-09-29 20:47:18,060 DEBUG [main] cache:45 - TemplateLoader.findTemplateSource("spark/partials/scripts.ftl"): Found
2021-09-29 20:47:18,062 DEBUG [main] cache:45 - Loading template for "spark/partials/scripts.ftl"("en_GB", UTF-8, parsed) from "jar:file:/Users/edcast/.m2/repository/com/aventstack/extentreports/5.0.9/extentreports-5.0.9.jar!/com/aventstack/extentreports/templates/spark/partials/scripts.ftl"
2021-09-29 20:47:18,067 DEBUG [main] cache:45 - Couldn't find template in cache for "commons/commons-inject-js.ftl"("en_GB", UTF-8, parsed); will try to load it.
2021-09-29 20:47:18,068 DEBUG [main] cache:45 - TemplateLoader.findTemplateSource("commons/commons-inject-js_en_GB.ftl"): Not found
2021-09-29 20:47:18,072 DEBUG [main] cache:45 - TemplateLoader.findTemplateSource("commons/commons-inject-js_en.ftl"): Not found
2021-09-29 20:47:18,073 DEBUG [main] cache:45 - TemplateLoader.findTemplateSource("commons/commons-inject-js.ftl"): Found
2021-09-29 20:47:18,076 DEBUG [main] cache:45 - Loading template for "commons/commons-inject-js.ftl"("en_GB", UTF-8, parsed) from "jar:file:/Users/edcast/.m2/repository/com/aventstack/extentreports/5.0.9/extentreports-5.0.9.jar!/com/aventstack/extentreports/templates/commons/commons-inject-js.ftl"
